c:\users\tkddn\onedrive\desktop\수업자료\sr frame\sr_framework240111-1\client\default\x64\release\client.pch
c:\users\tkddn\onedrive\desktop\수업자료\sr frame\sr_framework240111-1\client\default\x64\release\vc143.pdb
c:\users\tkddn\onedrive\desktop\수업자료\sr frame\sr_framework240111-1\client\default\x64\release\stdafx.obj
c:\users\tkddn\onedrive\desktop\수업자료\sr frame\sr_framework240111-1\client\default\x64\release\client.obj
c:\users\tkddn\onedrive\desktop\수업자료\sr frame\sr_framework240111-1\client\default\x64\release\terrain.obj
c:\users\tkddn\onedrive\desktop\수업자료\sr frame\sr_framework240111-1\client\default\x64\release\sky.obj
c:\users\tkddn\onedrive\desktop\수업자료\sr frame\sr_framework240111-1\client\default\x64\release\player_rh.obj
c:\users\tkddn\onedrive\desktop\수업자료\sr frame\sr_framework240111-1\client\default\x64\release\player_lh.obj
c:\users\tkddn\onedrive\desktop\수업자료\sr frame\sr_framework240111-1\client\default\x64\release\player.obj
c:\users\tkddn\onedrive\desktop\수업자료\sr frame\sr_framework240111-1\client\default\x64\release\monster.obj
c:\users\tkddn\onedrive\desktop\수업자료\sr frame\sr_framework240111-1\client\default\x64\release\mainapp.obj
c:\users\tkddn\onedrive\desktop\수업자료\sr frame\sr_framework240111-1\client\default\x64\release\loader.obj
c:\users\tkddn\onedrive\desktop\수업자료\sr frame\sr_framework240111-1\client\default\x64\release\level_logo.obj
c:\users\tkddn\onedrive\desktop\수업자료\sr frame\sr_framework240111-1\client\default\x64\release\level_loading.obj
c:\users\tkddn\onedrive\desktop\수업자료\sr frame\sr_framework240111-1\client\default\x64\release\level_gameplay.obj
c:\users\tkddn\onedrive\desktop\수업자료\sr frame\sr_framework240111-1\client\default\x64\release\landobject.obj
c:\users\tkddn\onedrive\desktop\수업자료\sr frame\sr_framework240111-1\client\default\x64\release\effect.obj
c:\users\tkddn\onedrive\desktop\수업자료\sr frame\sr_framework240111-1\client\default\x64\release\camera_object.obj
c:\users\tkddn\onedrive\desktop\수업자료\sr frame\sr_framework240111-1\client\default\x64\release\camera_free.obj
c:\users\tkddn\onedrive\desktop\수업자료\sr frame\sr_framework240111-1\client\default\x64\release\background.obj
c:\users\tkddn\onedrive\desktop\수업자료\sr frame\sr_framework240111-1\client\bin\client.exe
c:\users\tkddn\onedrive\desktop\수업자료\sr frame\sr_framework240111-1\client\bin\client.pdb
c:\users\tkddn\onedrive\desktop\수업자료\sr frame\sr_framework240111-1\client\default\x64\release\client.iobj
c:\users\tkddn\onedrive\desktop\수업자료\sr frame\sr_framework240111-1\client\default\x64\release\client.res
c:\users\tkddn\onedrive\desktop\수업자료\[ sr ] fallen aces\sr_fallen_aces\client\default\x64\release\background.obj
c:\users\tkddn\onedrive\desktop\수업자료\[ sr ] fallen aces\sr_fallen_aces\client\default\x64\release\camera_free.obj
c:\users\tkddn\onedrive\desktop\수업자료\[ sr ] fallen aces\sr_fallen_aces\client\default\x64\release\camera_object.obj
c:\users\tkddn\onedrive\desktop\수업자료\[ sr ] fallen aces\sr_fallen_aces\client\default\x64\release\client.obj
c:\users\tkddn\onedrive\desktop\수업자료\[ sr ] fallen aces\sr_fallen_aces\client\default\x64\release\effect.obj
c:\users\tkddn\onedrive\desktop\수업자료\[ sr ] fallen aces\sr_fallen_aces\client\default\x64\release\landobject.obj
c:\users\tkddn\onedrive\desktop\수업자료\[ sr ] fallen aces\sr_fallen_aces\client\default\x64\release\level_gameplay.obj
c:\users\tkddn\onedrive\desktop\수업자료\[ sr ] fallen aces\sr_fallen_aces\client\default\x64\release\level_loading.obj
c:\users\tkddn\onedrive\desktop\수업자료\[ sr ] fallen aces\sr_fallen_aces\client\default\x64\release\level_logo.obj
c:\users\tkddn\onedrive\desktop\수업자료\[ sr ] fallen aces\sr_fallen_aces\client\default\x64\release\loader.obj
c:\users\tkddn\onedrive\desktop\수업자료\[ sr ] fallen aces\sr_fallen_aces\client\default\x64\release\mainapp.obj
c:\users\tkddn\onedrive\desktop\수업자료\[ sr ] fallen aces\sr_fallen_aces\client\default\x64\release\monster.obj
c:\users\tkddn\onedrive\desktop\수업자료\[ sr ] fallen aces\sr_fallen_aces\client\default\x64\release\player.obj
c:\users\tkddn\onedrive\desktop\수업자료\[ sr ] fallen aces\sr_fallen_aces\client\default\x64\release\player_lh.obj
c:\users\tkddn\onedrive\desktop\수업자료\[ sr ] fallen aces\sr_fallen_aces\client\default\x64\release\player_rh.obj
c:\users\tkddn\onedrive\desktop\수업자료\[ sr ] fallen aces\sr_fallen_aces\client\default\x64\release\sky.obj
c:\users\tkddn\onedrive\desktop\수업자료\[ sr ] fallen aces\sr_fallen_aces\client\default\x64\release\stdafx.obj
c:\users\tkddn\onedrive\desktop\수업자료\[ sr ] fallen aces\sr_fallen_aces\client\default\x64\release\terrain.obj
c:\users\tkddn\onedrive\desktop\수업자료\[ sr ] fallen aces\sr_fallen_aces\client\default\x64\release\client.ipdb
c:\users\tkddn\onedrive\desktop\수업자료\[ sr ] fallen aces\sr_fallen_aces\client\default\x64\release\client.iobj
c:\users\tkddn\onedrive\desktop\수업자료\[ sr ] fallen aces\sr_fallen_aces\client\default\x64\release\client.res
c:\users\tkddn\onedrive\desktop\수업자료\[ sr ] fallen aces\sr_fallen_aces\client\default\x64\release\client.pch
c:\users\tkddn\onedrive\desktop\수업자료\[ sr ] fallen aces\sr_fallen_aces\client\default\x64\release\vc140.pdb
c:\users\tkddn\onedrive\desktop\수업자료\[ sr ] fallen aces\sr_fallen_aces\client\default\x64\release\vc143.pdb
c:\users\tkddn\onedrive\desktop\수업자료\[ sr ] fallen aces\sr_fallen_aces\client\bin\client.exe
c:\users\tkddn\onedrive\desktop\수업자료\[ sr ] fallen aces\sr_fallen_aces\client\default\x64\release\client.tlog\cl.command.1.tlog
c:\users\tkddn\onedrive\desktop\수업자료\[ sr ] fallen aces\sr_fallen_aces\client\default\x64\release\client.tlog\cl.items.tlog
c:\users\tkddn\onedrive\desktop\수업자료\[ sr ] fallen aces\sr_fallen_aces\client\default\x64\release\client.tlog\cl.read.1.tlog
c:\users\tkddn\onedrive\desktop\수업자료\[ sr ] fallen aces\sr_fallen_aces\client\default\x64\release\client.tlog\cl.write.1.tlog
c:\users\tkddn\onedrive\desktop\수업자료\[ sr ] fallen aces\sr_fallen_aces\client\default\x64\release\client.tlog\link.command.1.tlog
c:\users\tkddn\onedrive\desktop\수업자료\[ sr ] fallen aces\sr_fallen_aces\client\default\x64\release\client.tlog\link.read.1.tlog
c:\users\tkddn\onedrive\desktop\수업자료\[ sr ] fallen aces\sr_fallen_aces\client\default\x64\release\client.tlog\link.write.1.tlog
c:\users\tkddn\onedrive\desktop\수업자료\[ sr ] fallen aces\sr_fallen_aces\client\default\x64\release\client.tlog\rc.command.1.tlog
c:\users\tkddn\onedrive\desktop\수업자료\[ sr ] fallen aces\sr_fallen_aces\client\default\x64\release\client.tlog\rc.read.1.tlog
c:\users\tkddn\onedrive\desktop\수업자료\[ sr ] fallen aces\sr_fallen_aces\client\default\x64\release\client.tlog\rc.write.1.tlog
