d:\정의훈\141\framework\engine\default\x64\release\vc140.pdb
d:\정의훈\141\framework\engine\default\x64\release\vibuffer_cube.obj
d:\정의훈\141\framework\engine\default\x64\release\vibuffer.obj
d:\정의훈\141\framework\engine\default\x64\release\transform.obj
d:\정의훈\141\framework\engine\default\x64\release\timer_manager.obj
d:\정의훈\141\framework\engine\default\x64\release\timer.obj
d:\정의훈\141\framework\engine\default\x64\release\texture.obj
d:\정의훈\141\framework\engine\default\x64\release\renderer.obj
d:\정의훈\141\framework\engine\default\x64\release\picking.obj
d:\정의훈\141\framework\engine\default\x64\release\object_manager.obj
d:\정의훈\141\framework\engine\default\x64\release\level_manager.obj
d:\정의훈\141\framework\engine\default\x64\release\level.obj
d:\정의훈\141\framework\engine\default\x64\release\layer.obj
d:\정의훈\141\framework\engine\default\x64\release\graphic_device.obj
d:\정의훈\141\framework\engine\default\x64\release\gameobject.obj
d:\정의훈\141\framework\engine\default\x64\release\gameinstance.obj
d:\정의훈\141\framework\engine\default\x64\release\component_manager.obj
d:\정의훈\141\framework\engine\default\x64\release\component.obj
d:\정의훈\141\framework\engine\default\x64\release\camera.obj
d:\정의훈\141\framework\engine\default\x64\release\blendobject.obj
d:\정의훈\141\framework\engine\default\x64\release\base.obj
d:\정의훈\141\framework\engine\default\x64\release\vibuffer_terrain.obj
d:\정의훈\141\framework\engine\default\x64\release\vibuffer_rect.obj
c:\users\tkddn\onedrive\desktop\수업자료\sr frame\sr_framework240111-1\engine\default\x64\release\vc143.pdb
c:\users\tkddn\onedrive\desktop\수업자료\sr frame\sr_framework240111-1\engine\default\x64\release\texture.obj
c:\users\tkddn\onedrive\desktop\수업자료\sr frame\sr_framework240111-1\engine\default\x64\release\renderer.obj
c:\users\tkddn\onedrive\desktop\수업자료\sr frame\sr_framework240111-1\engine\default\x64\release\picking.obj
c:\users\tkddn\onedrive\desktop\수업자료\sr frame\sr_framework240111-1\engine\default\x64\release\object_manager.obj
c:\users\tkddn\onedrive\desktop\수업자료\sr frame\sr_framework240111-1\engine\default\x64\release\level_manager.obj
c:\users\tkddn\onedrive\desktop\수업자료\sr frame\sr_framework240111-1\engine\default\x64\release\level.obj
c:\users\tkddn\onedrive\desktop\수업자료\sr frame\sr_framework240111-1\engine\default\x64\release\layer.obj
c:\users\tkddn\onedrive\desktop\수업자료\sr frame\sr_framework240111-1\engine\default\x64\release\key_manager.obj
c:\users\tkddn\onedrive\desktop\수업자료\sr frame\sr_framework240111-1\engine\default\x64\release\graphic_device.obj
c:\users\tkddn\onedrive\desktop\수업자료\sr frame\sr_framework240111-1\engine\default\x64\release\gameobject.obj
c:\users\tkddn\onedrive\desktop\수업자료\sr frame\sr_framework240111-1\engine\default\x64\release\gameinstance.obj
c:\users\tkddn\onedrive\desktop\수업자료\sr frame\sr_framework240111-1\engine\default\x64\release\ctexlayer.obj
c:\users\tkddn\onedrive\desktop\수업자료\sr frame\sr_framework240111-1\engine\default\x64\release\component_manager.obj
c:\users\tkddn\onedrive\desktop\수업자료\sr frame\sr_framework240111-1\engine\default\x64\release\component.obj
c:\users\tkddn\onedrive\desktop\수업자료\sr frame\sr_framework240111-1\engine\default\x64\release\collider_sphere.obj
c:\users\tkddn\onedrive\desktop\수업자료\sr frame\sr_framework240111-1\engine\default\x64\release\collider_box.obj
c:\users\tkddn\onedrive\desktop\수업자료\sr frame\sr_framework240111-1\engine\default\x64\release\collider.obj
c:\users\tkddn\onedrive\desktop\수업자료\sr frame\sr_framework240111-1\engine\default\x64\release\camera.obj
c:\users\tkddn\onedrive\desktop\수업자료\sr frame\sr_framework240111-1\engine\default\x64\release\blendobject.obj
c:\users\tkddn\onedrive\desktop\수업자료\sr frame\sr_framework240111-1\engine\default\x64\release\base.obj
c:\users\tkddn\onedrive\desktop\수업자료\sr frame\sr_framework240111-1\engine\default\x64\release\vibuffer_terrain.obj
c:\users\tkddn\onedrive\desktop\수업자료\sr frame\sr_framework240111-1\engine\default\x64\release\vibuffer_rect.obj
c:\users\tkddn\onedrive\desktop\수업자료\sr frame\sr_framework240111-1\engine\default\x64\release\vibuffer_cube.obj
c:\users\tkddn\onedrive\desktop\수업자료\sr frame\sr_framework240111-1\engine\default\x64\release\vibuffer.obj
c:\users\tkddn\onedrive\desktop\수업자료\sr frame\sr_framework240111-1\engine\default\x64\release\transform.obj
c:\users\tkddn\onedrive\desktop\수업자료\sr frame\sr_framework240111-1\engine\default\x64\release\timer_manager.obj
c:\users\tkddn\onedrive\desktop\수업자료\sr frame\sr_framework240111-1\engine\default\x64\release\timer.obj
d:\정의훈\141\framework\engine\bin\engine.lib
d:\정의훈\141\framework\engine\bin\engine.exp
d:\정의훈\141\framework\engine\bin\engine.dll
d:\정의훈\141\framework\engine\bin\engine.ipdb
d:\정의훈\141\framework\engine\bin\engine.iobj
d:\정의훈\141\framework\engine\bin\engine.pdb
c:\users\tkddn\onedrive\desktop\수업자료\sr frame\sr_framework240111-1\engine\bin\engine.dll
c:\users\tkddn\onedrive\desktop\수업자료\sr frame\sr_framework240111-1\engine\default\x64\release\engine.ipdb
c:\users\tkddn\onedrive\desktop\수업자료\sr frame\sr_framework240111-1\engine\bin\engine.pdb
c:\users\tkddn\onedrive\desktop\수업자료\sr frame\sr_framework240111-1\engine\default\x64\release\engine.iobj
c:\users\tkddn\onedrive\desktop\수업자료\sr frame\sr_framework240111-1\engine\bin\engine.lib
c:\users\tkddn\onedrive\desktop\수업자료\sr frame\sr_framework240111-1\engine\bin\engine.exp
c:\users\tkddn\onedrive\desktop\수업자료\[ sr ] fallen aces\sr_fallen_aces\engine\default\x64\release\base.obj
c:\users\tkddn\onedrive\desktop\수업자료\[ sr ] fallen aces\sr_fallen_aces\engine\default\x64\release\blendobject.obj
c:\users\tkddn\onedrive\desktop\수업자료\[ sr ] fallen aces\sr_fallen_aces\engine\default\x64\release\camera.obj
c:\users\tkddn\onedrive\desktop\수업자료\[ sr ] fallen aces\sr_fallen_aces\engine\default\x64\release\collider.obj
c:\users\tkddn\onedrive\desktop\수업자료\[ sr ] fallen aces\sr_fallen_aces\engine\default\x64\release\collider_box.obj
c:\users\tkddn\onedrive\desktop\수업자료\[ sr ] fallen aces\sr_fallen_aces\engine\default\x64\release\collider_sphere.obj
c:\users\tkddn\onedrive\desktop\수업자료\[ sr ] fallen aces\sr_fallen_aces\engine\default\x64\release\component.obj
c:\users\tkddn\onedrive\desktop\수업자료\[ sr ] fallen aces\sr_fallen_aces\engine\default\x64\release\component_manager.obj
c:\users\tkddn\onedrive\desktop\수업자료\[ sr ] fallen aces\sr_fallen_aces\engine\default\x64\release\ctexlayer.obj
c:\users\tkddn\onedrive\desktop\수업자료\[ sr ] fallen aces\sr_fallen_aces\engine\default\x64\release\gameinstance.obj
c:\users\tkddn\onedrive\desktop\수업자료\[ sr ] fallen aces\sr_fallen_aces\engine\default\x64\release\gameobject.obj
c:\users\tkddn\onedrive\desktop\수업자료\[ sr ] fallen aces\sr_fallen_aces\engine\default\x64\release\graphic_device.obj
c:\users\tkddn\onedrive\desktop\수업자료\[ sr ] fallen aces\sr_fallen_aces\engine\default\x64\release\key_manager.obj
c:\users\tkddn\onedrive\desktop\수업자료\[ sr ] fallen aces\sr_fallen_aces\engine\default\x64\release\layer.obj
c:\users\tkddn\onedrive\desktop\수업자료\[ sr ] fallen aces\sr_fallen_aces\engine\default\x64\release\level.obj
c:\users\tkddn\onedrive\desktop\수업자료\[ sr ] fallen aces\sr_fallen_aces\engine\default\x64\release\level_manager.obj
c:\users\tkddn\onedrive\desktop\수업자료\[ sr ] fallen aces\sr_fallen_aces\engine\default\x64\release\object_manager.obj
c:\users\tkddn\onedrive\desktop\수업자료\[ sr ] fallen aces\sr_fallen_aces\engine\default\x64\release\picking.obj
c:\users\tkddn\onedrive\desktop\수업자료\[ sr ] fallen aces\sr_fallen_aces\engine\default\x64\release\renderer.obj
c:\users\tkddn\onedrive\desktop\수업자료\[ sr ] fallen aces\sr_fallen_aces\engine\default\x64\release\texture.obj
c:\users\tkddn\onedrive\desktop\수업자료\[ sr ] fallen aces\sr_fallen_aces\engine\default\x64\release\timer.obj
c:\users\tkddn\onedrive\desktop\수업자료\[ sr ] fallen aces\sr_fallen_aces\engine\default\x64\release\timer_manager.obj
c:\users\tkddn\onedrive\desktop\수업자료\[ sr ] fallen aces\sr_fallen_aces\engine\default\x64\release\transform.obj
c:\users\tkddn\onedrive\desktop\수업자료\[ sr ] fallen aces\sr_fallen_aces\engine\default\x64\release\vibuffer.obj
c:\users\tkddn\onedrive\desktop\수업자료\[ sr ] fallen aces\sr_fallen_aces\engine\default\x64\release\vibuffer_cube.obj
c:\users\tkddn\onedrive\desktop\수업자료\[ sr ] fallen aces\sr_fallen_aces\engine\default\x64\release\vibuffer_rect.obj
c:\users\tkddn\onedrive\desktop\수업자료\[ sr ] fallen aces\sr_fallen_aces\engine\default\x64\release\vibuffer_terrain.obj
c:\users\tkddn\onedrive\desktop\수업자료\[ sr ] fallen aces\sr_fallen_aces\engine\default\x64\release\engine.ipdb
c:\users\tkddn\onedrive\desktop\수업자료\[ sr ] fallen aces\sr_fallen_aces\engine\default\x64\release\engine.iobj
c:\users\tkddn\onedrive\desktop\수업자료\[ sr ] fallen aces\sr_fallen_aces\engine\default\x64\release\vc140.pdb
c:\users\tkddn\onedrive\desktop\수업자료\[ sr ] fallen aces\sr_fallen_aces\engine\default\x64\release\vc143.pdb
c:\users\tkddn\onedrive\desktop\수업자료\[ sr ] fallen aces\sr_fallen_aces\engine\bin\engine.dll
c:\users\tkddn\onedrive\desktop\수업자료\[ sr ] fallen aces\sr_fallen_aces\engine\default\x64\release\engine.tlog\cl.command.1.tlog
c:\users\tkddn\onedrive\desktop\수업자료\[ sr ] fallen aces\sr_fallen_aces\engine\default\x64\release\engine.tlog\cl.items.tlog
c:\users\tkddn\onedrive\desktop\수업자료\[ sr ] fallen aces\sr_fallen_aces\engine\default\x64\release\engine.tlog\cl.read.1.tlog
c:\users\tkddn\onedrive\desktop\수업자료\[ sr ] fallen aces\sr_fallen_aces\engine\default\x64\release\engine.tlog\cl.write.1.tlog
c:\users\tkddn\onedrive\desktop\수업자료\[ sr ] fallen aces\sr_fallen_aces\engine\default\x64\release\engine.tlog\engine.write.1u.tlog
c:\users\tkddn\onedrive\desktop\수업자료\[ sr ] fallen aces\sr_fallen_aces\engine\default\x64\release\engine.tlog\link.command.1.tlog
c:\users\tkddn\onedrive\desktop\수업자료\[ sr ] fallen aces\sr_fallen_aces\engine\default\x64\release\engine.tlog\link.read.1.tlog
c:\users\tkddn\onedrive\desktop\수업자료\[ sr ] fallen aces\sr_fallen_aces\engine\default\x64\release\engine.tlog\link.write.1.tlog
c:\users\tkddn\onedrive\desktop\수업자료\[ sr ] fallen aces\sr_fallen_aces\engine\default\x64\release\engine.tlog\link.write.2u.tlog
