c:\users\qrst0\onedrive\문서\study\sr_fallen_aces\client\default\x64\debug\client.pch
c:\users\qrst0\onedrive\문서\study\sr_fallen_aces\client\default\x64\debug\vc143.pdb
c:\users\qrst0\onedrive\문서\study\sr_fallen_aces\client\default\x64\debug\vc143.idb
c:\users\qrst0\onedrive\문서\study\sr_fallen_aces\client\default\x64\debug\stdafx.obj
c:\users\qrst0\onedrive\문서\study\sr_fallen_aces\client\default\x64\debug\player.obj
c:\users\qrst0\onedrive\문서\study\sr_fallen_aces\client\default\x64\debug\pipeguy_monster.obj
c:\users\qrst0\onedrive\문서\study\sr_fallen_aces\client\default\x64\debug\monster.obj
c:\users\qrst0\onedrive\문서\study\sr_fallen_aces\client\default\x64\debug\matches_monster.obj
c:\users\qrst0\onedrive\문서\study\sr_fallen_aces\client\default\x64\debug\mainapp.obj
c:\users\qrst0\onedrive\문서\study\sr_fallen_aces\client\default\x64\debug\loader.obj
c:\users\qrst0\onedrive\문서\study\sr_fallen_aces\client\default\x64\debug\level_logo.obj
c:\users\qrst0\onedrive\문서\study\sr_fallen_aces\client\default\x64\debug\level_loading.obj
c:\users\qrst0\onedrive\문서\study\sr_fallen_aces\client\default\x64\debug\level_gameplay.obj
c:\users\qrst0\onedrive\문서\study\sr_fallen_aces\client\default\x64\debug\landobject.obj
c:\users\qrst0\onedrive\문서\study\sr_fallen_aces\client\default\x64\debug\goon_monster.obj
c:\users\qrst0\onedrive\문서\study\sr_fallen_aces\client\default\x64\debug\effect.obj
c:\users\qrst0\onedrive\문서\study\sr_fallen_aces\client\default\x64\debug\citemcola.obj
c:\users\qrst0\onedrive\문서\study\sr_fallen_aces\client\default\x64\debug\citembanana.obj
c:\users\qrst0\onedrive\문서\study\sr_fallen_aces\client\default\x64\debug\citemapple.obj
c:\users\qrst0\onedrive\문서\study\sr_fallen_aces\client\default\x64\debug\citem.obj
c:\users\qrst0\onedrive\문서\study\sr_fallen_aces\client\default\x64\debug\chealitem.obj
c:\users\qrst0\onedrive\문서\study\sr_fallen_aces\client\default\x64\debug\camera_object.obj
c:\users\qrst0\onedrive\문서\study\sr_fallen_aces\client\default\x64\debug\camera_free.obj
c:\users\qrst0\onedrive\문서\study\sr_fallen_aces\client\default\x64\debug\background.obj
c:\users\qrst0\onedrive\문서\study\sr_fallen_aces\client\default\x64\debug\client.obj
c:\users\qrst0\onedrive\문서\study\sr_fallen_aces\client\default\x64\debug\ui_player_state.obj
c:\users\qrst0\onedrive\문서\study\sr_fallen_aces\client\default\x64\debug\ui_inventory.obj
c:\users\qrst0\onedrive\문서\study\sr_fallen_aces\client\default\x64\debug\ui_equip.obj
c:\users\qrst0\onedrive\문서\study\sr_fallen_aces\client\default\x64\debug\terrain.obj
c:\users\qrst0\onedrive\문서\study\sr_fallen_aces\client\default\x64\debug\sky.obj
c:\users\qrst0\onedrive\문서\study\sr_fallen_aces\client\default\x64\debug\player_ui_manager.obj
c:\users\qrst0\onedrive\문서\study\sr_fallen_aces\client\default\x64\debug\player_rh.obj
c:\users\qrst0\onedrive\문서\study\sr_fallen_aces\client\default\x64\debug\player_lh.obj
c:\users\qrst0\onedrive\문서\study\sr_fallen_aces\client\bin\client.exe
c:\users\qrst0\onedrive\문서\study\sr_fallen_aces\client\default\x64\debug\client.ilk
c:\users\qrst0\onedrive\문서\study\sr_fallen_aces\client\bin\client.pdb
c:\users\qrst0\onedrive\문서\study\sr_fallen_aces\client\default\x64\debug\client.res
c:\users\qrst0\onedrive\문서\study\sr_fallen_aces\client\default\x64\debug\client.tlog\cl.command.1.tlog
c:\users\qrst0\onedrive\문서\study\sr_fallen_aces\client\default\x64\debug\client.tlog\cl.items.tlog
c:\users\qrst0\onedrive\문서\study\sr_fallen_aces\client\default\x64\debug\client.tlog\cl.read.1.tlog
c:\users\qrst0\onedrive\문서\study\sr_fallen_aces\client\default\x64\debug\client.tlog\cl.write.1.tlog
c:\users\qrst0\onedrive\문서\study\sr_fallen_aces\client\default\x64\debug\client.tlog\link.command.1.tlog
c:\users\qrst0\onedrive\문서\study\sr_fallen_aces\client\default\x64\debug\client.tlog\link.read.1.tlog
c:\users\qrst0\onedrive\문서\study\sr_fallen_aces\client\default\x64\debug\client.tlog\link.write.1.tlog
c:\users\qrst0\onedrive\문서\study\sr_fallen_aces\client\default\x64\debug\client.tlog\rc.command.1.tlog
c:\users\qrst0\onedrive\문서\study\sr_fallen_aces\client\default\x64\debug\client.tlog\rc.read.1.tlog
c:\users\qrst0\onedrive\문서\study\sr_fallen_aces\client\default\x64\debug\client.tlog\rc.write.1.tlog
